<?xml version="1.0" encoding="UTF-8"?>
<testng-results skipped="0" failed="0" total="1" passed="1">
  <reporter-output>
  </reporter-output>
  <suite name="Default suite" duration-ms="10261" started-at="2016-07-01T04:12:03Z" finished-at="2016-07-01T04:12:13Z">
    <groups>
    </groups>
    <test name="Default test" duration-ms="10261" started-at="2016-07-01T04:12:03Z" finished-at="2016-07-01T04:12:13Z">
      <class name="com.qedge.selenium.common.GridIE">
        <test-method status="PASS" signature="gridIE()[pri:0, instance:com.qedge.selenium.common.GridIE@675d3402]" name="gridIE" duration-ms="10222" started-at="2016-07-01T09:42:03Z" finished-at="2016-07-01T09:42:13Z">
          <reporter-output>
          </reporter-output>
        </test-method> <!-- gridIE -->
      </class> <!-- com.qedge.selenium.common.GridIE -->
    </test> <!-- Default test -->
  </suite> <!-- Default suite -->
</testng-results>
