<?xml version="1.0" encoding="UTF-8"?>
<!-- Generated by org.testng.reporters.JUnitXMLReporter -->
<testsuite hostname="QEdge-PC" name="Regression test" tests="10" failures="0" timestamp="13 Jul 2016 02:46:49 GMT" time="0.114" errors="0">
  <testcase name="testcase1" time="0.019" classname="com.qedge.selenium.TestNGFlow1"/>
  <testcase name="testcase2" time="0.003" classname="com.qedge.selenium.TestNGFlow1"/>
  <testcase name="createCustomer" time="0.002" classname="com.qedge.selenium.TestNGFlow2"/>
  <testcase name="editCustomer" time="0.002" classname="com.qedge.selenium.TestNGFlow2"/>
  <testcase name="deleteCustomer" time="0.007" classname="com.qedge.selenium.TestNGFlow2"/>
  <testcase name="createCustomer" time="0.001" classname="com.qedge.selenium.TestNGFlow3"/>
  <testcase name="editCustomer" time="0.002" classname="com.qedge.selenium.TestNGFlow3"/>
  <testcase name="deleteCustomer" time="0.002" classname="com.qedge.selenium.TestNGFlow3"/>
  <testcase name="createCustomer" time="0.002" classname="com.qedge.selenium.TestNGFlow4"/>
  <testcase name="deleteCustomer" time="0.005" classname="com.qedge.selenium.TestNGFlow4"/>
</testsuite> <!-- Regression test -->
