<?xml version="1.0" encoding="UTF-8"?>
<testng-results skipped="0" failed="0" total="1" passed="1">
  <reporter-output>
  </reporter-output>
  <suite name="Default suite" duration-ms="12124" started-at="2016-07-22T02:58:03Z" finished-at="2016-07-22T02:58:15Z">
    <groups>
    </groups>
    <test name="Default test" duration-ms="12124" started-at="2016-07-22T02:58:03Z" finished-at="2016-07-22T02:58:15Z">
      <class name="com.testCases.VerifyLogin">
        <test-method status="PASS" signature="loginWithValidUsers()[pri:0, instance:com.testCases.VerifyLogin@55f3ddb1]" name="loginWithValidUsers" duration-ms="12090" started-at="2016-07-22T08:28:03Z" finished-at="2016-07-22T08:28:15Z">
          <reporter-output>
          </reporter-output>
        </test-method> <!-- loginWithValidUsers -->
      </class> <!-- com.testCases.VerifyLogin -->
    </test> <!-- Default test -->
  </suite> <!-- Default suite -->
</testng-results>
