<?xml version="1.0" encoding="UTF-8"?>
<!-- Generated by org.testng.reporters.JUnitXMLReporter -->
<testsuite hostname="QEdge-PC" name="Multi Class Test" tests="8" failures="0" timestamp="12 Jul 2016 03:19:23 GMT" time="0.09" errors="0">
  <testcase name="testcase1" time="0.007" classname="com.qedge.selenium.TestNGFlow1"/>
  <testcase name="testcase2" time="0.001" classname="com.qedge.selenium.TestNGFlow1"/>
  <testcase name="createCustomer" time="0.002" classname="com.qedge.selenium.TestNGFlow2"/>
  <testcase name="editCustomer" time="0.004" classname="com.qedge.selenium.TestNGFlow2"/>
  <testcase name="deleteCustomer" time="0.01" classname="com.qedge.selenium.TestNGFlow2"/>
  <testcase name="createCustomer" time="0.002" classname="com.qedge.selenium.TestNGFlow3"/>
  <testcase name="editCustomer" time="0.001" classname="com.qedge.selenium.TestNGFlow3"/>
  <testcase name="deleteCustomer" time="0.004" classname="com.qedge.selenium.TestNGFlow3"/>
</testsuite> <!-- Multi Class Test -->
